2025-01-03 02:42:03 - [32minfo[39m: [32mAplicação está funcionando na porta: 3000[39m
2025-01-03 02:42:32 - [32minfo[39m: [32mAplicação está funcionando na porta: 3000[39m
2025-01-03 02:43:23 - [32minfo[39m: [32mConectou ao banco de dados![39m
2025-01-03 02:43:23 - [32minfo[39m: [32mAplicação está funcionando na porta: 3000[39m
2025-01-03 02:43:56 - [32minfo[39m: [32mConectou ao banco de dados![39m
2025-01-03 02:43:56 - [32minfo[39m: [32mAplicação está funcionando na porta: 3000[39m
2025-01-03 02:44:20 - [32minfo[39m: [32mConectou ao banco de dados![39m
2025-01-03 02:44:20 - [32minfo[39m: [32mAplicação está funcionando na porta: 3000[39m
2025-01-03 02:44:26 - [31merror[39m: [31mNão foi possivel conectar[39m
2025-01-03 02:44:36 - [32minfo[39m: [32mConectou ao banco de dados![39m
2025-01-03 02:44:36 - [32minfo[39m: [32mAplicação está funcionando na porta: 3000[39m
2025-01-03 02:51:17 - [32minfo[39m: [32mConectou ao banco de dados![39m
2025-01-03 02:51:17 - [32minfo[39m: [32mAplicação está funcionando na porta: 3000[39m
2025-01-03 02:51:43 - [32minfo[39m: [32mConectou ao banco de dados![39m
2025-01-03 02:51:43 - [32minfo[39m: [32mAplicação está funcionando na porta: 3000[39m
2025-01-03 02:52:06 - [35mhttp[39m: [35mGET /api/test 200 15 - 1.785 ms[39m
[35m[39m
2025-01-05 21:09:05 - [32minfo[39m: [32mConectou ao banco de dados![39m
2025-01-05 21:09:05 - [32minfo[39m: [32mAplicação está funcionando na porta: 3000[39m
2025-01-05 21:10:29 - [35mhttp[39m: [35mPOST /movie 404 145 - 2.869 ms[39m
[35m[39m
2025-01-05 21:10:48 - [35mhttp[39m: [35mPOST /api/movie 200 23 - 1.591 ms[39m
[35m[39m
2025-01-05 21:11:28 - [35mhttp[39m: [35mPOST /api/smovie 404 150 - 0.293 ms[39m
[35m[39m
2025-01-05 21:11:42 - [35mhttp[39m: [35mPOST /api/movie 200 23 - 0.229 ms[39m
[35m[39m
2025-01-05 21:12:28 - [35mhttp[39m: [35mGET /api/test 200 15 - 0.370 ms[39m
[35m[39m
2025-01-05 21:12:53 - [32minfo[39m: [32mConectou ao banco de dados![39m
2025-01-05 21:12:53 - [32minfo[39m: [32mAplicação está funcionando na porta: 3000[39m
2025-01-05 21:14:42 - [32minfo[39m: [32mConectou ao banco de dados![39m
2025-01-05 21:14:42 - [32minfo[39m: [32mAplicação está funcionando na porta: 3000[39m
2025-01-05 21:15:27 - [35mhttp[39m: [35mPOST /api/movie 201 155 - 39.430 ms[39m
[35m[39m
2025-01-05 21:26:21 - [32minfo[39m: [32mConectou ao banco de dados![39m
2025-01-05 21:26:21 - [32minfo[39m: [32mAplicação está funcionando na porta: 3000[39m
2025-01-05 21:26:47 - [35mhttp[39m: [35mPOST /api/movie 201 151 - 41.676 ms[39m
[35m[39m
2025-01-05 21:39:18 - [32minfo[39m: [32mConectou ao banco de dados![39m
2025-01-05 21:39:18 - [32minfo[39m: [32mAplicação está funcionando na porta: 3000[39m
2025-01-05 21:39:31 - [35mhttp[39m: [35mPOST /api/movie 422 54 - 5.357 ms[39m
[35m[39m
2025-01-05 21:40:24 - [32minfo[39m: [32mConectou ao banco de dados![39m
2025-01-05 21:40:24 - [32minfo[39m: [32mAplicação está funcionando na porta: 3000[39m
2025-01-05 21:40:26 - [35mhttp[39m: [35mPOST /api/movie 422 50 - 5.691 ms[39m
[35m[39m
2025-01-05 21:41:13 - [32minfo[39m: [32mConectou ao banco de dados![39m
2025-01-05 21:41:13 - [32minfo[39m: [32mAplicação está funcionando na porta: 3000[39m
2025-01-05 21:41:18 - [35mhttp[39m: [35mPOST /api/movie 422 50 - 5.739 ms[39m
[35m[39m
2025-01-05 21:42:12 - [32minfo[39m: [32mConectou ao banco de dados![39m
2025-01-05 21:42:12 - [32minfo[39m: [32mAplicação está funcionando na porta: 3000[39m
2025-01-05 21:42:26 - [35mhttp[39m: [35mPOST /api/movie 422 70 - 5.968 ms[39m
[35m[39m
2025-01-05 21:43:06 - [32minfo[39m: [32mConectou ao banco de dados![39m
2025-01-05 21:43:06 - [32minfo[39m: [32mAplicação está funcionando na porta: 3000[39m
2025-01-05 21:43:21 - [35mhttp[39m: [35mPOST /api/movie 422 55 - 6.507 ms[39m
[35m[39m
2025-01-05 21:44:30 - [32minfo[39m: [32mConectou ao banco de dados![39m
2025-01-05 21:44:30 - [32minfo[39m: [32mAplicação está funcionando na porta: 3000[39m
2025-01-05 21:44:42 - [35mhttp[39m: [35mPOST /api/movie 422 57 - 5.931 ms[39m
[35m[39m
2025-01-05 21:45:35 - [32minfo[39m: [32mConectou ao banco de dados![39m
2025-01-05 21:45:35 - [32minfo[39m: [32mAplicação está funcionando na porta: 3000[39m
2025-01-05 21:45:38 - [35mhttp[39m: [35mPOST /api/movie 422 105 - 7.087 ms[39m
[35m[39m
2025-01-05 21:45:44 - [35mhttp[39m: [35mPOST /api/movie 422 60 - 1.445 ms[39m
[35m[39m
2025-01-05 21:46:56 - [32minfo[39m: [32mConectou ao banco de dados![39m
2025-01-05 21:46:56 - [32minfo[39m: [32mAplicação está funcionando na porta: 3000[39m
2025-01-05 21:47:05 - [35mhttp[39m: [35mPOST /api/movie 422 53 - 6.644 ms[39m
[35m[39m
2025-01-05 21:47:36 - [32minfo[39m: [32mConectou ao banco de dados![39m
2025-01-05 21:47:36 - [32minfo[39m: [32mAplicação está funcionando na porta: 3000[39m
2025-01-05 21:47:39 - [35mhttp[39m: [35mPOST /api/movie 422 96 - 6.975 ms[39m
[35m[39m
2025-01-05 21:48:27 - [35mhttp[39m: [35mPOST /api/movie 422 55 - 1.279 ms[39m
[35m[39m
2025-01-05 21:49:11 - [35mhttp[39m: [35mPOST /api/movie 201 524 - 41.307 ms[39m
[35m[39m
2025-01-05 21:58:44 - [32minfo[39m: [32mConectou ao banco de dados![39m
2025-01-05 21:58:44 - [32minfo[39m: [32mAplicação está funcionando na porta: 3000[39m
2025-01-05 21:59:04 - [32minfo[39m: [32mConectou ao banco de dados![39m
2025-01-05 21:59:04 - [32minfo[39m: [32mAplicação está funcionando na porta: 3000[39m
2025-01-05 21:59:12 - [32minfo[39m: [32mConectou ao banco de dados![39m
2025-01-05 21:59:12 - [32minfo[39m: [32mAplicação está funcionando na porta: 3000[39m
2025-01-05 22:00:02 - [35mhttp[39m: [35mGET /api/movie/677afe57e7999b517546d4df 200 524 - 37.951 ms[39m
[35m[39m
2025-01-05 22:00:06 - [31merror[39m: [31mErro no sistema: Cast to ObjectId failed for value "677afe57e7999b517546d4d" (type string) at path "_id" for model "Movie"[39m
2025-01-05 22:00:21 - [35mhttp[39m: [35mGET /api/movie/677afe57e7999b517546d4d - - - - ms[39m
[35m[39m
2025-01-05 22:00:37 - [35mhttp[39m: [35mGET /api/movie/677afe57e7999b517546d4df 200 524 - 23.432 ms[39m
[35m[39m
2025-01-05 22:01:09 - [31merror[39m: [31mErro no sistema: Cast to ObjectId failed for value "677afe57e7999b517546d4dg" (type string) at path "_id" for model "Movie"[39m
2025-01-05 22:01:28 - [32minfo[39m: [32mConectou ao banco de dados![39m
2025-01-05 22:01:28 - [32minfo[39m: [32mAplicação está funcionando na porta: 3000[39m
2025-01-05 22:01:31 - [31merror[39m: [31mErro no sistema: Cast to ObjectId failed for value "677afe57e7999b517546d4dg" (type string) at path "_id" for model "Movie"[39m
2025-01-05 22:01:52 - [35mhttp[39m: [35mGET /api/movie/677afe57e7999b517546d4dg - - - - ms[39m
[35m[39m
2025-01-05 22:02:40 - [35mhttp[39m: [35mGET /api/movie/677afe57e7999b517546d4d1 404 34 - 25.890 ms[39m
[35m[39m
2025-01-05 22:02:58 - [32minfo[39m: [32mConectou ao banco de dados![39m
2025-01-05 22:02:58 - [32minfo[39m: [32mAplicação está funcionando na porta: 3000[39m
2025-01-05 22:03:01 - [35mhttp[39m: [35mGET /api/movie/677afe57e7999b517546d4df 200 524 - 38.290 ms[39m
[35m[39m
2025-01-05 22:05:31 - [32minfo[39m: [32mConectou ao banco de dados![39m
2025-01-05 22:05:31 - [32minfo[39m: [32mAplicação está funcionando na porta: 3000[39m
2025-01-05 22:05:55 - [35mhttp[39m: [35mGET /api/movies 404 149 - 2.303 ms[39m
[35m[39m
2025-01-05 22:06:30 - [32minfo[39m: [32mConectou ao banco de dados![39m
2025-01-05 22:06:30 - [32minfo[39m: [32mAplicação está funcionando na porta: 3000[39m
2025-01-05 22:06:36 - [35mhttp[39m: [35mGET /api/movie 200 834 - 36.251 ms[39m
[35m[39m
2025-01-05 22:08:51 - [32minfo[39m: [32mConectou ao banco de dados![39m
2025-01-05 22:08:51 - [32minfo[39m: [32mAplicação está funcionando na porta: 3000[39m
2025-01-05 22:08:56 - [32minfo[39m: [32mConectou ao banco de dados![39m
2025-01-05 22:08:56 - [32minfo[39m: [32mAplicação está funcionando na porta: 3000[39m
2025-01-05 22:09:00 - [32minfo[39m: [32mConectou ao banco de dados![39m
2025-01-05 22:09:00 - [32minfo[39m: [32mAplicação está funcionando na porta: 3000[39m
2025-01-05 22:09:03 - [32minfo[39m: [32mConectou ao banco de dados![39m
2025-01-05 22:09:03 - [32minfo[39m: [32mAplicação está funcionando na porta: 3000[39m
2025-01-05 22:09:56 - [32minfo[39m: [32mConectou ao banco de dados![39m
2025-01-05 22:09:56 - [32minfo[39m: [32mAplicação está funcionando na porta: 3000[39m
2025-01-05 22:12:28 - [32minfo[39m: [32mConectou ao banco de dados![39m
2025-01-05 22:12:28 - [32minfo[39m: [32mAplicação está funcionando na porta: 3000[39m
2025-01-05 22:13:06 - [35mhttp[39m: [35mDELETE /api/movie/677afe57e7999b517546d4d1 404 176 - 2.026 ms[39m
[35m[39m
2025-01-05 22:13:42 - [32minfo[39m: [32mConectou ao banco de dados![39m
2025-01-05 22:13:42 - [32minfo[39m: [32mAplicação está funcionando na porta: 3000[39m
2025-01-05 22:13:44 - [32minfo[39m: [32mConectou ao banco de dados![39m
2025-01-05 22:13:44 - [32minfo[39m: [32mAplicação está funcionando na porta: 3000[39m
2025-01-05 22:13:50 - [35mhttp[39m: [35mDELETE /api/movie/677afe57e7999b517546d4d1 404 34 - 41.409 ms[39m
[35m[39m
2025-01-05 22:13:55 - [35mhttp[39m: [35mDELETE /api/movie/677af66f236e70227e3dfca3 200 37 - 58.686 ms[39m
[35m[39m
2025-01-05 22:17:02 - [32minfo[39m: [32mConectou ao banco de dados![39m
2025-01-05 22:17:02 - [32minfo[39m: [32mAplicação está funcionando na porta: 3000[39m
2025-01-05 22:17:21 - [32minfo[39m: [32mConectou ao banco de dados![39m
2025-01-05 22:17:21 - [32minfo[39m: [32mAplicação está funcionando na porta: 3000[39m
2025-01-05 22:17:40 - [32minfo[39m: [32mConectou ao banco de dados![39m
2025-01-05 22:17:40 - [32minfo[39m: [32mAplicação está funcionando na porta: 3000[39m
2025-01-05 22:18:29 - [35mhttp[39m: [35mDELETE /api/movie/677af66f236e70227e3dfca3 404 34 - 26.198 ms[39m
[35m[39m
2025-01-05 22:18:33 - [35mhttp[39m: [35mPATCH /api/movie/677afe57e7999b517546d4df - - - - ms[39m
[35m[39m
2025-01-05 22:20:32 - [35mhttp[39m: [35mPATCH /api/movie/677afe57e7999b517546d4df - - - - ms[39m
[35m[39m
2025-01-05 22:20:35 - [35mhttp[39m: [35mPATCH /api/movie/677afe57e7999b517546d4df - - - - ms[39m
[35m[39m
2025-01-05 22:20:46 - [32minfo[39m: [32mConectou ao banco de dados![39m
2025-01-05 22:20:46 - [32minfo[39m: [32mAplicação está funcionando na porta: 3000[39m
2025-01-05 22:20:55 - [35mhttp[39m: [35mPATCH /api/movie/677afe57e7999b517546d4df - - - - ms[39m
[35m[39m
2025-01-05 22:21:20 - [35mhttp[39m: [35mGET /api/movie/677afe57e7999b517546d4df 200 524 - 26.198 ms[39m
[35m[39m
2025-01-05 22:21:44 - [35mhttp[39m: [35mPATCH /api/movie/677af66f236e70227e3dfca3 404 34 - 21.981 ms[39m
[35m[39m
2025-01-05 22:23:36 - [32minfo[39m: [32mConectou ao banco de dados![39m
2025-01-05 22:23:36 - [32minfo[39m: [32mAplicação está funcionando na porta: 3000[39m
2025-01-05 22:23:43 - [32minfo[39m: [32mConectou ao banco de dados![39m
2025-01-05 22:23:43 - [32minfo[39m: [32mAplicação está funcionando na porta: 3000[39m
2025-01-05 22:23:48 - [35mhttp[39m: [35mPATCH /api/movie/677af66f236e70227e3dfca3 404 34 - 34.251 ms[39m
[35m[39m
2025-01-05 22:24:12 - [35mhttp[39m: [35mPATCH /api/movie/677afe57e7999b517546d4df 200 2 - 58.578 ms[39m
[35m[39m
2025-01-05 22:24:43 - [35mhttp[39m: [35mPATCH /api/movie/677afe57e7999b517546d4df 200 46 - 49.075 ms[39m
[35m[39m
2025-01-05 22:24:47 - [35mhttp[39m: [35mGET /api/movie/677afe57e7999b517546d4df 200 552 - 28.157 ms[39m
[35m[39m
2025-01-05 22:25:42 - [32minfo[39m: [32mConectou ao banco de dados![39m
2025-01-05 22:25:42 - [32minfo[39m: [32mAplicação está funcionando na porta: 3000[39m
2025-01-05 22:25:54 - [35mhttp[39m: [35mPATCH /api/movie/677afe57e7999b517546d4df 422 187 - 8.535 ms[39m
[35m[39m
2025-01-05 22:26:14 - [35mhttp[39m: [35mPATCH /api/movie/677afe57e7999b517546d4df 200 405 - 68.228 ms[39m
[35m[39m
2025-01-05 22:26:30 - [35mhttp[39m: [35mPATCH /api/movie/677afe57e7999b517546d4df 200 413 - 53.018 ms[39m
[35m[39m
